<?xml version="1.0" encoding="UTF-8"?>
<testng-results ignored="0" total="6" passed="6" failed="0" skipped="0">
  <reporter-output>
  </reporter-output>
  <suite started-at="2026-06-01T17:34:22 IST" name="Suite" finished-at="2026-06-01T17:35:59 IST" duration-ms="96381">
    <groups>
      <group name="cucumber">
        <method signature="AbstractTestNGCucumberTests.runScenario(io.cucumber.testng.PickleWrapper,io.cucumber.testng.FeatureWrapper)[pri:0, instance:Runner.Runnerclass@757277dc]" name="runScenario" class="io.cucumber.testng.AbstractTestNGCucumberTests"/>
      </group> <!-- cucumber -->
    </groups>
    <test started-at="2026-06-01T17:34:22 IST" name="CucumberTests" finished-at="2026-06-01T17:35:59 IST" duration-ms="96381">
      <class name="Runner.Runnerclass">
        <test-method is-config="true" signature="setUpClass(org.testng.ITestContext)[pri:0, instance:Runner.Runnerclass@757277dc]" started-at="2026-06-01T17:34:22 IST" name="setUpClass" finished-at="2026-06-01T17:34:23 IST" duration-ms="451" status="PASS">
          <params>
            <param index="0">
              <value>
                <![CDATA[org.testng.TestRunner@43471a7e]]>
              </value>
            </param>
          </params>
          <reporter-output>
          </reporter-output>
        </test-method> <!-- setUpClass -->
        <test-method signature="runScenario(io.cucumber.testng.PickleWrapper,io.cucumber.testng.FeatureWrapper)[pri:0, instance:Runner.Runnerclass@757277dc]" started-at="2026-06-01T17:34:23 IST" name="runScenario" description="Runs Cucumber Scenarios" data-provider="scenarios" finished-at="2026-06-01T17:34:40 IST" duration-ms="17152" status="PASS">
          <params>
            <param index="0">
              <value>
                <![CDATA["User clicks Add to cart"]]>
              </value>
            </param>
            <param index="1">
              <value>
                <![CDATA["Verify Add to cart Functionality"]]>
              </value>
            </param>
          </params>
          <reporter-output>
          </reporter-output>
        </test-method> <!-- runScenario -->
        <test-method signature="runScenario(io.cucumber.testng.PickleWrapper,io.cucumber.testng.FeatureWrapper)[pri:0, instance:Runner.Runnerclass@757277dc]" started-at="2026-06-01T17:34:40 IST" name="runScenario" description="Runs Cucumber Scenarios" data-provider="scenarios" finished-at="2026-06-01T17:35:16 IST" duration-ms="35568" status="PASS">
          <params>
            <param index="0">
              <value>
                <![CDATA["User is able to buy product"]]>
              </value>
            </param>
            <param index="1">
              <value>
                <![CDATA["Verify checkout Functionality"]]>
              </value>
            </param>
          </params>
          <reporter-output>
          </reporter-output>
        </test-method> <!-- runScenario -->
        <test-method signature="runScenario(io.cucumber.testng.PickleWrapper,io.cucumber.testng.FeatureWrapper)[pri:0, instance:Runner.Runnerclass@757277dc]" started-at="2026-06-01T17:35:16 IST" name="runScenario" description="Runs Cucumber Scenarios" data-provider="scenarios" finished-at="2026-06-01T17:35:23 IST" duration-ms="6957" status="PASS">
          <params>
            <param index="0">
              <value>
                <![CDATA["User should apply filters"]]>
              </value>
            </param>
            <param index="1">
              <value>
                <![CDATA["Verify filters functionality"]]>
              </value>
            </param>
          </params>
          <reporter-output>
          </reporter-output>
        </test-method> <!-- runScenario -->
        <test-method signature="runScenario(io.cucumber.testng.PickleWrapper,io.cucumber.testng.FeatureWrapper)[pri:0, instance:Runner.Runnerclass@757277dc]" started-at="2026-06-01T17:35:23 IST" name="runScenario" description="Runs Cucumber Scenarios" data-provider="scenarios" finished-at="2026-06-01T17:35:31 IST" duration-ms="8027" status="PASS">
          <params>
            <param index="0">
              <value>
                <![CDATA["User should login with valid credentials"]]>
              </value>
            </param>
            <param index="1">
              <value>
                <![CDATA["Verify Login Functionality"]]>
              </value>
            </param>
          </params>
          <reporter-output>
          </reporter-output>
        </test-method> <!-- runScenario -->
        <test-method signature="runScenario(io.cucumber.testng.PickleWrapper,io.cucumber.testng.FeatureWrapper)[pri:0, instance:Runner.Runnerclass@757277dc]" started-at="2026-06-01T17:35:31 IST" name="runScenario" description="Runs Cucumber Scenarios" data-provider="scenarios" finished-at="2026-06-01T17:35:36 IST" duration-ms="5070" status="PASS">
          <params>
            <param index="0">
              <value>
                <![CDATA["User should search with valid product name"]]>
              </value>
            </param>
            <param index="1">
              <value>
                <![CDATA["Search Product Functionality"]]>
              </value>
            </param>
          </params>
          <reporter-output>
          </reporter-output>
        </test-method> <!-- runScenario -->
        <test-method signature="runScenario(io.cucumber.testng.PickleWrapper,io.cucumber.testng.FeatureWrapper)[pri:0, instance:Runner.Runnerclass@757277dc]" started-at="2026-06-01T17:35:36 IST" name="runScenario" description="Runs Cucumber Scenarios" data-provider="scenarios" finished-at="2026-06-01T17:35:59 IST" duration-ms="23094" status="PASS">
          <params>
            <param index="0">
              <value>
                <![CDATA["Validate total price"]]>
              </value>
            </param>
            <param index="1">
              <value>
                <![CDATA["Verify price functionality"]]>
              </value>
            </param>
          </params>
          <reporter-output>
          </reporter-output>
        </test-method> <!-- runScenario -->
        <test-method is-config="true" signature="tearDownClass()[pri:0, instance:Runner.Runnerclass@757277dc]" started-at="2026-06-01T17:35:59 IST" name="tearDownClass" finished-at="2026-06-01T17:35:59 IST" duration-ms="14" status="PASS">
          <reporter-output>
          </reporter-output>
        </test-method> <!-- tearDownClass -->
      </class> <!-- Runner.Runnerclass -->
    </test> <!-- CucumberTests -->
  </suite> <!-- Suite -->
</testng-results>
