<?xml version="1.0" encoding="UTF-8"?>
<!-- Generated by org.testng.reporters.JUnitReportReporter -->
<testsuite hostname="DESKTOP-Q1AIC31" failures="0" tests="6" name="Runner.Runnerclass" time="95.868" errors="0" timestamp="2026-06-01T17:35:59 IST" skipped="0">
  <testcase classname="Runner.Runnerclass" name="runScenario" time="35.568"/>
  <testcase classname="Runner.Runnerclass" name="runScenario" time="23.094"/>
  <testcase classname="Runner.Runnerclass" name="runScenario" time="17.152"/>
  <testcase classname="Runner.Runnerclass" name="runScenario" time="6.957"/>
  <testcase classname="Runner.Runnerclass" name="runScenario" time="5.070"/>
  <testcase classname="Runner.Runnerclass" name="runScenario" time="8.027"/>
</testsuite> <!-- Runner.Runnerclass -->
