<?xml version="1.0" encoding="UTF-8"?>
<!-- Generated by org.testng.reporters.JUnitReportReporter -->
<testsuite hostname="DESKTOP-Q1AIC31" failures="0" tests="6" name="Runner.Runnerclass" time="95.616" errors="0" timestamp="2026-06-01T17:17:32 IST" skipped="0">
  <testcase classname="Runner.Runnerclass" name="runScenario" time="25.825"/>
  <testcase classname="Runner.Runnerclass" name="runScenario" time="8.769"/>
  <testcase classname="Runner.Runnerclass" name="runScenario" time="7.933"/>
  <testcase classname="Runner.Runnerclass" name="runScenario" time="17.162"/>
  <testcase classname="Runner.Runnerclass" name="runScenario" time="5.483"/>
  <testcase classname="Runner.Runnerclass" name="runScenario" time="30.444"/>
</testsuite> <!-- Runner.Runnerclass -->
